<?xml version="1.0" encoding="UTF-8"?>
<!-- Generated by org.testng.reporters.JUnitXMLReporter -->
<testsuite ignored="0" hostname="DESKTOP-IBENE70" failures="0" tests="5" name="Default test" time="19.965" errors="0" timestamp="2022-10-05T13:50:26 IST">
  <testcase classname="LoginForm.LoginFormTest" name="btestUserInput" time="2.434"/>
  <testcase classname="LoginForm.LoginFormTest" name="ctestUserPassword" time="2.334"/>
  <testcase classname="LoginForm.LoginFormTest" name="detestLink" time="2.249"/>
  <testcase classname="LoginForm.LoginFormTest" name="dtestCheckBox" time="2.294"/>
  <testcase classname="LoginForm.LoginFormTest" name="ftestLogInButton" time="2.439"/>
</testsuite> <!-- Default test -->
