<?xml version="1.0" encoding="UTF-8"?>
<testng-results ignored="0" total="5" passed="5" failed="0" skipped="0">
  <reporter-output>
  </reporter-output>
  <suite started-at="2022-10-05T13:50:05 IST" name="Default suite" finished-at="2022-10-05T13:50:24 IST" duration-ms="19965">
    <groups>
    </groups>
    <test started-at="2022-10-05T13:50:05 IST" name="Default test" finished-at="2022-10-05T13:50:24 IST" duration-ms="19965">
      <class name="LoginForm.LoginFormTest">
        <test-method is-config="true" signature="setUp()[pri:0, instance:LoginForm.LoginFormTest@6f0628de]" started-at="2022-10-05T13:50:05 IST" name="setUp" finished-at="2022-10-05T13:50:13 IST" duration-ms="8124" status="PASS">
          <reporter-output>
          </reporter-output>
        </test-method> <!-- setUp -->
        <test-method signature="btestUserInput()[pri:0, instance:LoginForm.LoginFormTest@6f0628de]" started-at="2022-10-05T13:50:13 IST" name="btestUserInput" finished-at="2022-10-05T13:50:15 IST" duration-ms="2434" status="PASS">
          <reporter-output>
          </reporter-output>
        </test-method> <!-- btestUserInput -->
        <test-method signature="ctestUserPassword()[pri:0, instance:LoginForm.LoginFormTest@6f0628de]" started-at="2022-10-05T13:50:15 IST" name="ctestUserPassword" finished-at="2022-10-05T13:50:17 IST" duration-ms="2334" status="PASS">
          <reporter-output>
          </reporter-output>
        </test-method> <!-- ctestUserPassword -->
        <test-method signature="detestLink()[pri:0, instance:LoginForm.LoginFormTest@6f0628de]" started-at="2022-10-05T13:50:17 IST" name="detestLink" finished-at="2022-10-05T13:50:20 IST" duration-ms="2249" status="PASS">
          <reporter-output>
          </reporter-output>
        </test-method> <!-- detestLink -->
        <test-method signature="dtestCheckBox()[pri:0, instance:LoginForm.LoginFormTest@6f0628de]" started-at="2022-10-05T13:50:20 IST" name="dtestCheckBox" finished-at="2022-10-05T13:50:22 IST" duration-ms="2294" status="PASS">
          <reporter-output>
          </reporter-output>
        </test-method> <!-- dtestCheckBox -->
        <test-method signature="ftestLogInButton()[pri:0, instance:LoginForm.LoginFormTest@6f0628de]" started-at="2022-10-05T13:50:22 IST" name="ftestLogInButton" finished-at="2022-10-05T13:50:24 IST" duration-ms="2439" status="PASS">
          <reporter-output>
          </reporter-output>
        </test-method> <!-- ftestLogInButton -->
      </class> <!-- LoginForm.LoginFormTest -->
    </test> <!-- Default test -->
  </suite> <!-- Default suite -->
</testng-results>
